<?xml version="1.0" encoding="UTF-8" ?>
<etymology source="xlunety"><date><![CDATA[1275â€“1325;]]></date><![CDATA[ ME <i>cronicle</i> < AF, var., with <i>-le</i> ]]><xrefGrp type="none"><xr punc="comma"><x><![CDATA[-ule]]></x></xr></xrefGrp><![CDATA[ of OF <i>cronique</i> < ML <i>cronica</i> (fem. sing.), L <i>chronica</i> (neut. pl.) < Gk <i>chronik]]><![CDATA[Ã¡</i> annals, chronology; ]]><xrefGrp nospace="t" type="lcsee"><xr><x><![CDATA[chronic]]></x></xr></xrefGrp></etymology>