<?xml version="1.0" encoding="UTF-8" ?>
<spelling query="teest" site="dictionary">
	<bestmatch>
		<dictionary href="http://dictionary.reference.com/browse/test">test</dictionary>
	</bestmatch>
	<suggestions>
		<dictionaryitems>
			<suggestion href="http://dictionary.reference.com/browse/testy">testy</suggestion>
			<suggestion href="http://dictionary.reference.com/browse/tees">tees</suggestion>
			<suggestion href="http://dictionary.reference.com/browse/weest">weest</suggestion>
			<suggestion href="http://dictionary.reference.com/browse/deist">deist</suggestion>
			<suggestion href="http://dictionary.reference.com/browse/doest">doest</suggestion>
			<suggestion href="http://dictionary.reference.com/browse/toast">toast</suggestion>
			<suggestion href="http://dictionary.reference.com/browse/reset">reset</suggestion>
			<suggestion href="http://dictionary.reference.com/browse/retest">retest</suggestion>
			<suggestion href="http://dictionary.reference.com/browse/tersest">tersest</suggestion>
			<suggestion href="http://dictionary.reference.com/browse/truest">truest</suggestion>
			<suggestion href="http://dictionary.reference.com/browse/teased">teased</suggestion>
			<suggestion href="http://dictionary.reference.com/browse/teat">teat</suggestion>
			<suggestion href="http://dictionary.reference.com/browse/tee%27s">tee&apos;s</suggestion>
			<suggestion href="http://dictionary.reference.com/browse/teed">teed</suggestion>
			<suggestion href="http://dictionary.reference.com/browse/tests">tests</suggestion>
			<suggestion href="http://dictionary.reference.com/browse/Tevet">Tevet</suggestion>
			<suggestion href="http://dictionary.reference.com/browse/detest">detest</suggestion>
			<suggestion href="http://dictionary.reference.com/browse/tenet">tenet</suggestion>
			<suggestion href="http://dictionary.reference.com/browse/tester">tester</suggestion>
			<suggestion href="http://dictionary.reference.com/browse/tweet">tweet</suggestion>
			<suggestion href="http://dictionary.reference.com/browse/teats">teats</suggestion>
			<suggestion href="http://dictionary.reference.com/browse/Tet">Tet</suggestion>
			<suggestion href="http://dictionary.reference.com/browse/taste">taste</suggestion>
			<suggestion href="http://dictionary.reference.com/browse/tasty">tasty</suggestion>
			<suggestion href="http://dictionary.reference.com/browse/EST">EST</suggestion>
			<suggestion href="http://dictionary.reference.com/browse/beset">beset</suggestion>
			<suggestion href="http://dictionary.reference.com/browse/desert">desert</suggestion>
			<suggestion href="http://dictionary.reference.com/browse/est">est</suggestion>
			<suggestion href="http://dictionary.reference.com/browse/tamest">tamest</suggestion>
			<suggestion href="http://dictionary.reference.com/browse/DST">DST</suggestion>
			<suggestion href="http://dictionary.reference.com/browse/teds">teds</suggestion>
			<suggestion href="http://dictionary.reference.com/browse/Tess">Tess</suggestion>
			<suggestion href="http://dictionary.reference.com/browse/Tues">Tues</suggestion>
			<suggestion href="http://dictionary.reference.com/browse/teas">teas</suggestion>
			<suggestion href="http://dictionary.reference.com/browse/text">text</suggestion>
			<suggestion href="http://dictionary.reference.com/browse/ties">ties</suggestion>
			<suggestion href="http://dictionary.reference.com/browse/toes">toes</suggestion>
			<suggestion href="http://dictionary.reference.com/browse/attest">attest</suggestion>
			<suggestion href="http://dictionary.reference.com/browse/Ted%27s">Ted&apos;s</suggestion>
		</dictionaryitems>
	</suggestions>
</spelling>
