<?xml version="1.0" encoding="UTF-8" ?>
<dictionary totalresults="1" page="1">
	<random_entry>outdate</random_entry>
</dictionary>
