<?xml version="1.0" encoding="UTF-8" ?>
<thesaurus totalresults="1" page="1">
	<random_entry>oonagh</random_entry>
</thesaurus>
