<?xml version="1.0" encoding="UTF-8" ?>
<dictionary query="test" totalresults="1" type="example">
	<entry source="luna" id="t0781262">
			<headword><![CDATA[test.]]></headword>
			<example category="Psychology, Chemistry, British, Metallurgy"><![CDATA[noun : to put to the test.  <br>verb (used without object) : People test better in a relaxed environment. <ex>,</ex>to test for diabetes.  <br>.]]></example>
	</entry>
</dictionary>
