<?xml version="1.0" encoding="UTF-8" ?>
<synonymlist query="test" site="dictionary" totalresults="37">
	<headword><![CDATA[go]]></headword>
	<headword><![CDATA[prove]]></headword>
	<headword><![CDATA[fling]]></headword>
	<headword><![CDATA[trial]]></headword>
	<headword><![CDATA[standard]]></headword>
	<headword><![CDATA[try]]></headword>
	<headword><![CDATA[attempt]]></headword>
	<headword><![CDATA[investigate]]></headword>
	<headword><![CDATA[assessment]]></headword>
	<headword><![CDATA[validate]]></headword>
	<headword><![CDATA[assess]]></headword>
	<headword><![CDATA[assay]]></headword>
	<headword><![CDATA[approval]]></headword>
	<headword><![CDATA[check]]></headword>
	<headword><![CDATA[proof]]></headword>
	<headword><![CDATA[confirm]]></headword>
	<headword><![CDATA[final]]></headword>
	<headword><![CDATA[experiment]]></headword>
	<headword><![CDATA[substantiate]]></headword>
	<headword><![CDATA[search]]></headword>
	<headword><![CDATA[scrutiny]]></headword>
	<headword><![CDATA[confirmation]]></headword>
	<headword><![CDATA[preliminary]]></headword>
	<headword><![CDATA[inspection]]></headword>
	<headword><![CDATA[demonstrate]]></headword>
	<headword><![CDATA[criterion]]></headword>
	<headword><![CDATA[inquiry]]></headword>
	<headword><![CDATA[verify]]></headword>
	<headword><![CDATA[inquire]]></headword>
	<headword><![CDATA[question]]></headword>
	<headword><![CDATA[evaluation]]></headword>
	<headword><![CDATA[essay]]></headword>
	<headword><![CDATA[analyze]]></headword>
	<headword><![CDATA[ordeal]]></headword>
	<headword><![CDATA[analysis]]></headword>
	<headword><![CDATA[lick]]></headword>
	<headword><![CDATA[investigation]]></headword>
</synonymlist>
